Forwarding from 127.0.0.1:6379 -> 6379
Forwarding from [::1]:6379 -> 6379
error: lost connection to pod
andling connection for 9001
Handling connection for 9001
Handling connection for 9001
Handling connection for 9001
Handling connection for 9001
Handling connection for 9001
Handling connection for 9001
Handling connection for 9001
Handling connection for 9001
Handling connection for 9001
Handling connection for 9001
Handling connection for 9001
Handling connection for 9001
Handling connection for 9001
Handling connection for 9001
Handling connection for 9001
Handling connection for 9001
Handling connection for 9001
Handling connection for 9001
Handling connection for 9001
Handling connection for 9001
Handling connection for 9001
Handling connection for 9001
Handling connection for 9001
Handling connection for 9001
Handling connection for 9001
Handling connection for 9001
Handling connection for 9001
Handling connection for 9001
Handling connection for 9001
Handling connection for 9001
Handling connection for 9001
Handling connection for 9001
Handling connection for 9001
Handling connection for 9001
Handling connection for 9001
Handling connection for 9001
Handling connection for 9001
Handling connection for 9001
Handling connection for 9001
Handling connection for 9001
Handling connection for 9001
Handling connection for 9001
Handling connection for 9001
Handling connection for 9001
Handling connection for 9001
Handling connection for 9001
Handling connection for 9001
Handling connection for 9001
Handling connection for 9001
error: lost connection to pod
